[2023-08-24T18:15:59.936] [INFO] default - Login : Start login.
[2023-08-24T18:16:00.040] [INFO] default - Login : user.admin Mismatch account and password
[2023-08-24T18:16:11.744] [INFO] default - Login : Start login.
[2023-08-24T18:16:11.803] [INFO] default - Login : user.admin Mismatch account and password
[2023-08-24T18:16:14.874] [INFO] default - Login : Start login.
[2023-08-24T18:16:14.875] [INFO] default - Login : user.admin Mismatch account and password
[2023-08-24T18:16:22.222] [INFO] default - Login : Start login.
[2023-08-24T18:16:22.315] [INFO] default - Login : Token JWT tergenerate.
[2023-08-24T18:16:22.326] [TRACE] default - Routes : ["/dashboard",null,"/kartan/reporting/penebusanPupukHarian","/kartan/reporting/transaksiPupuk"]
[2023-08-24T18:16:24.295] [TRACE] default - Menu : [{"id":11,"label":"Dashboard","path":"/dashboard","icon":"pi pi-fw pi-home","urutan":"-99","parent_id":null},{"id":1,"label":"Kartu Tani","path":null,"icon":"pi pi-fw pi-th-large","urutan":"1","parent_id":null},{"id":4,"label":"Penebusan Pupuk Harian","path":"/kartan/reporting/penebusanPupukHarian","icon":"","urutan":"2","parent_id":"1"},{"id":15,"label":"Transaksi Pupuk","path":"/kartan/reporting/transaksiPupuk","icon":"","urutan":"3","parent_id":"1"}]
[2023-08-24T18:16:24.322] [INFO] default - Refresh : Token JWT tergenerate
[2023-08-24T18:16:24.325] [INFO] default - Refresh : Token JWT tergenerate
[2023-08-24T18:16:24.338] [INFO] default - Refresh : Token JWT tergenerate
[2023-08-24T18:16:24.462] [INFO] default - Get Komoditas : [{"id_komoditas":1,"nama_komoditas":"PADI","insert_date":"2023-05-22T10:51:40.520Z","insert_by":"migrasi"},{"id_komoditas":2,"nama_komoditas":"JAGUNG","insert_date":"2023-05-22T10:51:40.520Z","insert_by":"migrasi"},{"id_komoditas":3,"nama_komoditas":"KEDELAI","insert_date":"2023-05-22T10:51:40.520Z","insert_by":"migrasi"},{"id_komoditas":4,"nama_komoditas":"CABAI","insert_date":"2023-05-22T10:51:40.520Z","insert_by":"migrasi"},{"id_komoditas":5,"nama_komoditas":"BAWANG MERAH","insert_date":"2023-05-22T10:51:40.520Z","insert_by":"migrasi"},{"id_komoditas":6,"nama_komoditas":"BAWANG PUTIH","insert_date":"2023-05-22T10:51:40.520Z","insert_by":"migrasi"},{"id_komoditas":7,"nama_komoditas":"TEBU RAKYAT","insert_date":"2023-05-22T10:51:40.520Z","insert_by":"migrasi"},{"id_komoditas":8,"nama_komoditas":"KOPI","insert_date":"2023-05-22T10:51:40.520Z","insert_by":"migrasi"},{"id_komoditas":9,"nama_komoditas":"KAKAO","insert_date":"2023-05-22T10:51:40.520Z","insert_by":"migrasi"}]
[2023-08-24T18:16:24.639] [INFO] default - Get Summary Penebusan : [{"total_kg_januari":400,"total_l_januari":0,"total_kg_februari":1059283,"total_l_februari":0,"total_kg_maret":821738,"total_l_maret":0,"total_kg_april":265514,"total_l_april":0,"total_kg_mei":652627,"total_l_mei":0,"total_kg_juni":666941,"total_l_juni":0,"total_kg_juli":0,"total_l_juli":0,"total_kg_agustus":0,"total_l_agustus":0,"total_kg_september":0,"total_l_september":0,"total_kg_oktober":0,"total_l_oktober":0,"total_kg_november":0,"total_l_november":0,"total_kg_desember":0,"total_l_desember":0,"total_kg":3466503,"total_l":0}]
[2023-08-24T18:16:24.943] [INFO] default - Get Summary Penebusan : [{"kg_alokasi_total":14655779,"l_alokasi_total":0,"kg_realisasi_total":0,"l_realisasi_total":0}]
[2023-08-24T18:16:27.661] [TRACE] default - Menu : [{"id":11,"label":"Dashboard","path":"/dashboard","icon":"pi pi-fw pi-home","urutan":"-99","parent_id":null},{"id":1,"label":"Kartu Tani","path":null,"icon":"pi pi-fw pi-th-large","urutan":"1","parent_id":null},{"id":4,"label":"Penebusan Pupuk Harian","path":"/kartan/reporting/penebusanPupukHarian","icon":"","urutan":"2","parent_id":"1"},{"id":15,"label":"Transaksi Pupuk","path":"/kartan/reporting/transaksiPupuk","icon":"","urutan":"3","parent_id":"1"}]
[2023-08-24T18:16:28.405] [INFO] default - Refresh : Token JWT tergenerate
[2023-08-24T18:16:28.432] [INFO] default - Refresh : Token JWT tergenerate
[2023-08-24T18:16:28.461] [INFO] default - Get Komoditas : [{"id_komoditas":1,"nama_komoditas":"PADI","insert_date":"2023-05-22T10:51:40.520Z","insert_by":"migrasi"},{"id_komoditas":2,"nama_komoditas":"JAGUNG","insert_date":"2023-05-22T10:51:40.520Z","insert_by":"migrasi"},{"id_komoditas":3,"nama_komoditas":"KEDELAI","insert_date":"2023-05-22T10:51:40.520Z","insert_by":"migrasi"},{"id_komoditas":4,"nama_komoditas":"CABAI","insert_date":"2023-05-22T10:51:40.520Z","insert_by":"migrasi"},{"id_komoditas":5,"nama_komoditas":"BAWANG MERAH","insert_date":"2023-05-22T10:51:40.520Z","insert_by":"migrasi"},{"id_komoditas":6,"nama_komoditas":"BAWANG PUTIH","insert_date":"2023-05-22T10:51:40.520Z","insert_by":"migrasi"},{"id_komoditas":7,"nama_komoditas":"TEBU RAKYAT","insert_date":"2023-05-22T10:51:40.520Z","insert_by":"migrasi"},{"id_komoditas":8,"nama_komoditas":"KOPI","insert_date":"2023-05-22T10:51:40.520Z","insert_by":"migrasi"},{"id_komoditas":9,"nama_komoditas":"KAKAO","insert_date":"2023-05-22T10:51:40.520Z","insert_by":"migrasi"}]
[2023-08-24T18:16:29.763] [INFO] default - Success Get Data Penebusan Komoditas.
[2023-08-24T18:16:34.078] [TRACE] default - Menu : [{"id":11,"label":"Dashboard","path":"/dashboard","icon":"pi pi-fw pi-home","urutan":"-99","parent_id":null},{"id":1,"label":"Kartu Tani","path":null,"icon":"pi pi-fw pi-th-large","urutan":"1","parent_id":null},{"id":4,"label":"Penebusan Pupuk Harian","path":"/kartan/reporting/penebusanPupukHarian","icon":"","urutan":"2","parent_id":"1"},{"id":15,"label":"Transaksi Pupuk","path":"/kartan/reporting/transaksiPupuk","icon":"","urutan":"3","parent_id":"1"}]
[2023-08-24T18:16:34.764] [INFO] default - Refresh : Token JWT tergenerate
[2023-08-24T18:16:34.890] [INFO] default - Success Get Data Transaksi.
[2023-08-24T18:16:36.843] [INFO] default - Refresh : Token JWT tergenerate
[2023-08-24T18:16:36.861] [ERROR] default - Get Detail Transaksi : error: column a.tanggal_nota does not exist
[2023-08-24T18:19:17.419] [TRACE] default - Menu : [{"id":11,"label":"Dashboard","path":"/dashboard","icon":"pi pi-fw pi-home","urutan":"-99","parent_id":null},{"id":1,"label":"Kartu Tani","path":null,"icon":"pi pi-fw pi-th-large","urutan":"1","parent_id":null},{"id":4,"label":"Penebusan Pupuk Harian","path":"/kartan/reporting/penebusanPupukHarian","icon":"","urutan":"2","parent_id":"1"},{"id":15,"label":"Transaksi Pupuk","path":"/kartan/reporting/transaksiPupuk","icon":"","urutan":"3","parent_id":"1"}]
[2023-08-24T18:19:17.426] [INFO] default - Refresh : Token JWT tergenerate
[2023-08-24T18:19:17.532] [INFO] default - Success Get Detail Transaksi.
[2023-08-24T18:19:24.592] [TRACE] default - Menu : [{"id":11,"label":"Dashboard","path":"/dashboard","icon":"pi pi-fw pi-home","urutan":"-99","parent_id":null},{"id":1,"label":"Kartu Tani","path":null,"icon":"pi pi-fw pi-th-large","urutan":"1","parent_id":null},{"id":4,"label":"Penebusan Pupuk Harian","path":"/kartan/reporting/penebusanPupukHarian","icon":"","urutan":"2","parent_id":"1"},{"id":15,"label":"Transaksi Pupuk","path":"/kartan/reporting/transaksiPupuk","icon":"","urutan":"3","parent_id":"1"}]
[2023-08-24T18:19:24.634] [INFO] default - Refresh : Token JWT tergenerate
[2023-08-24T18:19:24.725] [INFO] default - Success Get Data Transaksi.
[2023-08-24T18:19:26.555] [INFO] default - Refresh : Token JWT tergenerate
[2023-08-24T18:19:26.601] [INFO] default - Success Get Detail Transaksi.
[2023-08-24T18:19:29.118] [TRACE] default - Menu : [{"id":11,"label":"Dashboard","path":"/dashboard","icon":"pi pi-fw pi-home","urutan":"-99","parent_id":null},{"id":1,"label":"Kartu Tani","path":null,"icon":"pi pi-fw pi-th-large","urutan":"1","parent_id":null},{"id":4,"label":"Penebusan Pupuk Harian","path":"/kartan/reporting/penebusanPupukHarian","icon":"","urutan":"2","parent_id":"1"},{"id":15,"label":"Transaksi Pupuk","path":"/kartan/reporting/transaksiPupuk","icon":"","urutan":"3","parent_id":"1"}]
[2023-08-24T18:19:29.130] [INFO] default - Refresh : Token JWT tergenerate
[2023-08-24T18:19:29.218] [INFO] default - Success Get Data Transaksi.
[2023-08-24T18:19:33.295] [TRACE] default - Menu : [{"id":11,"label":"Dashboard","path":"/dashboard","icon":"pi pi-fw pi-home","urutan":"-99","parent_id":null},{"id":1,"label":"Kartu Tani","path":null,"icon":"pi pi-fw pi-th-large","urutan":"1","parent_id":null},{"id":4,"label":"Penebusan Pupuk Harian","path":"/kartan/reporting/penebusanPupukHarian","icon":"","urutan":"2","parent_id":"1"},{"id":15,"label":"Transaksi Pupuk","path":"/kartan/reporting/transaksiPupuk","icon":"","urutan":"3","parent_id":"1"}]
[2023-08-24T18:19:33.654] [INFO] default - Refresh : Token JWT tergenerate
[2023-08-24T18:19:33.697] [INFO] default - Get Komoditas : [{"id_komoditas":1,"nama_komoditas":"PADI","insert_date":"2023-05-22T10:51:40.520Z","insert_by":"migrasi"},{"id_komoditas":2,"nama_komoditas":"JAGUNG","insert_date":"2023-05-22T10:51:40.520Z","insert_by":"migrasi"},{"id_komoditas":3,"nama_komoditas":"KEDELAI","insert_date":"2023-05-22T10:51:40.520Z","insert_by":"migrasi"},{"id_komoditas":4,"nama_komoditas":"CABAI","insert_date":"2023-05-22T10:51:40.520Z","insert_by":"migrasi"},{"id_komoditas":5,"nama_komoditas":"BAWANG MERAH","insert_date":"2023-05-22T10:51:40.520Z","insert_by":"migrasi"},{"id_komoditas":6,"nama_komoditas":"BAWANG PUTIH","insert_date":"2023-05-22T10:51:40.520Z","insert_by":"migrasi"},{"id_komoditas":7,"nama_komoditas":"TEBU RAKYAT","insert_date":"2023-05-22T10:51:40.520Z","insert_by":"migrasi"},{"id_komoditas":8,"nama_komoditas":"KOPI","insert_date":"2023-05-22T10:51:40.520Z","insert_by":"migrasi"},{"id_komoditas":9,"nama_komoditas":"KAKAO","insert_date":"2023-05-22T10:51:40.520Z","insert_by":"migrasi"}]
[2023-08-24T18:19:33.710] [INFO] default - Refresh : Token JWT tergenerate
[2023-08-24T18:19:34.902] [INFO] default - Success Get Data Penebusan Komoditas.
[2023-08-24T18:19:37.722] [INFO] default - Refresh : Token JWT tergenerate
[2023-08-24T18:19:43.868] [INFO] default - Success Get Detail Penebusan Komoditas.
[2023-08-24T18:20:19.375] [TRACE] default - Menu : [{"id":11,"label":"Dashboard","path":"/dashboard","icon":"pi pi-fw pi-home","urutan":"-99","parent_id":null},{"id":1,"label":"Kartu Tani","path":null,"icon":"pi pi-fw pi-th-large","urutan":"1","parent_id":null},{"id":4,"label":"Penebusan Pupuk Harian","path":"/kartan/reporting/penebusanPupukHarian","icon":"","urutan":"2","parent_id":"1"},{"id":15,"label":"Transaksi Pupuk","path":"/kartan/reporting/transaksiPupuk","icon":"","urutan":"3","parent_id":"1"}]
[2023-08-24T18:20:19.377] [INFO] default - Refresh : Token JWT tergenerate
[2023-08-24T18:20:19.380] [INFO] default - Refresh : Token JWT tergenerate
[2023-08-24T18:20:19.704] [INFO] default - Get Komoditas : [{"id_komoditas":1,"nama_komoditas":"PADI","insert_date":"2023-05-22T10:51:40.520Z","insert_by":"migrasi"},{"id_komoditas":2,"nama_komoditas":"JAGUNG","insert_date":"2023-05-22T10:51:40.520Z","insert_by":"migrasi"},{"id_komoditas":3,"nama_komoditas":"KEDELAI","insert_date":"2023-05-22T10:51:40.520Z","insert_by":"migrasi"},{"id_komoditas":4,"nama_komoditas":"CABAI","insert_date":"2023-05-22T10:51:40.520Z","insert_by":"migrasi"},{"id_komoditas":5,"nama_komoditas":"BAWANG MERAH","insert_date":"2023-05-22T10:51:40.520Z","insert_by":"migrasi"},{"id_komoditas":6,"nama_komoditas":"BAWANG PUTIH","insert_date":"2023-05-22T10:51:40.520Z","insert_by":"migrasi"},{"id_komoditas":7,"nama_komoditas":"TEBU RAKYAT","insert_date":"2023-05-22T10:51:40.520Z","insert_by":"migrasi"},{"id_komoditas":8,"nama_komoditas":"KOPI","insert_date":"2023-05-22T10:51:40.520Z","insert_by":"migrasi"},{"id_komoditas":9,"nama_komoditas":"KAKAO","insert_date":"2023-05-22T10:51:40.520Z","insert_by":"migrasi"}]
[2023-08-24T18:20:20.960] [INFO] default - Success Get Data Penebusan Komoditas.
[2023-08-24T18:20:23.212] [INFO] default - Refresh : Token JWT tergenerate
[2023-08-24T18:20:28.600] [INFO] default - Success Get Data Penebusan Komoditas.
[2023-08-24T18:20:39.202] [TRACE] default - Menu : [{"id":11,"label":"Dashboard","path":"/dashboard","icon":"pi pi-fw pi-home","urutan":"-99","parent_id":null},{"id":1,"label":"Kartu Tani","path":null,"icon":"pi pi-fw pi-th-large","urutan":"1","parent_id":null},{"id":4,"label":"Penebusan Pupuk Harian","path":"/kartan/reporting/penebusanPupukHarian","icon":"","urutan":"2","parent_id":"1"},{"id":15,"label":"Transaksi Pupuk","path":"/kartan/reporting/transaksiPupuk","icon":"","urutan":"3","parent_id":"1"}]
[2023-08-24T18:20:39.205] [INFO] default - Refresh : Token JWT tergenerate
[2023-08-24T18:20:39.208] [INFO] default - Refresh : Token JWT tergenerate
[2023-08-24T18:20:39.258] [INFO] default - Get Komoditas : [{"id_komoditas":1,"nama_komoditas":"PADI","insert_date":"2023-05-22T10:51:40.520Z","insert_by":"migrasi"},{"id_komoditas":2,"nama_komoditas":"JAGUNG","insert_date":"2023-05-22T10:51:40.520Z","insert_by":"migrasi"},{"id_komoditas":3,"nama_komoditas":"KEDELAI","insert_date":"2023-05-22T10:51:40.520Z","insert_by":"migrasi"},{"id_komoditas":4,"nama_komoditas":"CABAI","insert_date":"2023-05-22T10:51:40.520Z","insert_by":"migrasi"},{"id_komoditas":5,"nama_komoditas":"BAWANG MERAH","insert_date":"2023-05-22T10:51:40.520Z","insert_by":"migrasi"},{"id_komoditas":6,"nama_komoditas":"BAWANG PUTIH","insert_date":"2023-05-22T10:51:40.520Z","insert_by":"migrasi"},{"id_komoditas":7,"nama_komoditas":"TEBU RAKYAT","insert_date":"2023-05-22T10:51:40.520Z","insert_by":"migrasi"},{"id_komoditas":8,"nama_komoditas":"KOPI","insert_date":"2023-05-22T10:51:40.520Z","insert_by":"migrasi"},{"id_komoditas":9,"nama_komoditas":"KAKAO","insert_date":"2023-05-22T10:51:40.520Z","insert_by":"migrasi"}]
[2023-08-24T18:20:40.516] [INFO] default - Success Get Data Penebusan Komoditas.
[2023-08-24T18:20:41.374] [INFO] default - Refresh : Token JWT tergenerate
[2023-08-24T18:20:46.610] [INFO] default - Success Get Data Penebusan Komoditas.
[2023-08-24T18:22:14.983] [INFO] default - Refresh : Token JWT tergenerate
[2023-08-24T18:22:16.285] [INFO] default - Success Get Data Penebusan Komoditas.
[2023-08-24T18:22:18.898] [INFO] default - Refresh : Token JWT tergenerate
[2023-08-24T18:22:25.280] [INFO] default - Success Get Detail Penebusan Komoditas.
[2023-08-24T18:23:32.957] [INFO] default - Refresh : Token JWT tergenerate
[2023-08-24T18:23:32.961] [INFO] default - Refresh : Token JWT tergenerate
[2023-08-24T18:23:32.969] [TRACE] default - Menu : [{"id":11,"label":"Dashboard","path":"/dashboard","icon":"pi pi-fw pi-home","urutan":"-99","parent_id":null},{"id":1,"label":"Kartu Tani","path":null,"icon":"pi pi-fw pi-th-large","urutan":"1","parent_id":null},{"id":4,"label":"Penebusan Pupuk Harian","path":"/kartan/reporting/penebusanPupukHarian","icon":"","urutan":"2","parent_id":"1"},{"id":15,"label":"Transaksi Pupuk","path":"/kartan/reporting/transaksiPupuk","icon":"","urutan":"3","parent_id":"1"}]
[2023-08-24T18:23:33.013] [INFO] default - Get Komoditas : [{"id_komoditas":1,"nama_komoditas":"PADI","insert_date":"2023-05-22T10:51:40.520Z","insert_by":"migrasi"},{"id_komoditas":2,"nama_komoditas":"JAGUNG","insert_date":"2023-05-22T10:51:40.520Z","insert_by":"migrasi"},{"id_komoditas":3,"nama_komoditas":"KEDELAI","insert_date":"2023-05-22T10:51:40.520Z","insert_by":"migrasi"},{"id_komoditas":4,"nama_komoditas":"CABAI","insert_date":"2023-05-22T10:51:40.520Z","insert_by":"migrasi"},{"id_komoditas":5,"nama_komoditas":"BAWANG MERAH","insert_date":"2023-05-22T10:51:40.520Z","insert_by":"migrasi"},{"id_komoditas":6,"nama_komoditas":"BAWANG PUTIH","insert_date":"2023-05-22T10:51:40.520Z","insert_by":"migrasi"},{"id_komoditas":7,"nama_komoditas":"TEBU RAKYAT","insert_date":"2023-05-22T10:51:40.520Z","insert_by":"migrasi"},{"id_komoditas":8,"nama_komoditas":"KOPI","insert_date":"2023-05-22T10:51:40.520Z","insert_by":"migrasi"},{"id_komoditas":9,"nama_komoditas":"KAKAO","insert_date":"2023-05-22T10:51:40.520Z","insert_by":"migrasi"}]
[2023-08-24T18:23:34.179] [INFO] default - Success Get Data Penebusan Komoditas.
[2023-08-24T18:23:34.701] [INFO] default - Refresh : Token JWT tergenerate
[2023-08-24T18:23:59.918] [INFO] default - Success Get CSV Detail Penebusan Komoditas.
[2023-08-24T18:24:03.456] [TRACE] default - Success Download Detail Penebusan Komoditas.
[2023-08-24T18:24:40.993] [INFO] default - Refresh : Token JWT tergenerate
[2023-08-24T18:25:03.382] [INFO] default - Success Get CSV Detail Penebusan Komoditas.
[2023-08-24T18:25:07.009] [TRACE] default - Success Download Detail Penebusan Komoditas.
[2023-08-24T18:28:46.559] [INFO] default - Refresh : Token JWT tergenerate
[2023-08-24T18:28:51.844] [INFO] default - Success Get Data Penebusan Komoditas.
